<?xml version="1.0" encoding="UTF-8"?>
<!-- Generated by org.testng.reporters.JUnitReportReporter -->
<testsuite hostname="iivaan-pc" name="com.paxovision.cucumber.HeatClinicTestRunner" tests="1" failures="0" timestamp="18 Jan 2015 19:31:12 GMT" time="6.134" errors="0">
  <testcase name="cucumberTest" time="6.134" classname="com.paxovision.cucumber.HeatClinicTestRunner"/>
</testsuite> <!-- com.paxovision.cucumber.HeatClinicTestRunner -->
