<?xml version="1.0" encoding="UTF-8"?>
<!-- Generated by org.testng.reporters.JUnitReportReporter -->
<testsuite hostname="iivaan-pc" name="com.paxovision.qa.selenium.keyword.driver.KeywordDriver" tests="5" failures="0" timestamp="14 Dec 2014 19:53:20 GMT" time="33.178" errors="0">
  <testcase name="driver" time="7.102" classname="com.paxovision.qa.selenium.keyword.driver.KeywordDriver"/>
  <testcase name="driver" time="6.308" classname="com.paxovision.qa.selenium.keyword.driver.KeywordDriver"/>
  <testcase name="driver" time="6.777" classname="com.paxovision.qa.selenium.keyword.driver.KeywordDriver"/>
  <testcase name="driver" time="6.651" classname="com.paxovision.qa.selenium.keyword.driver.KeywordDriver"/>
  <testcase name="driver" time="6.340" classname="com.paxovision.qa.selenium.keyword.driver.KeywordDriver"/>
</testsuite> <!-- com.paxovision.qa.selenium.keyword.driver.KeywordDriver -->
