<?xml version="1.0" encoding="UTF-8"?>
<!-- Generated by org.testng.reporters.JUnitReportReporter -->
<testsuite hostname="iivaan-pc" name="com.paxovision.selenium.HeatclinicTestRunner" tests="1" failures="0" timestamp="11 Jan 2015 19:33:42 GMT" time="14.201" errors="0">
  <testcase name="cucumberTest" time="14.201" classname="com.paxovision.selenium.HeatclinicTestRunner"/>
</testsuite> <!-- com.paxovision.selenium.HeatclinicTestRunner -->
