<?xml version="1.0" encoding="UTF-8"?>
<!-- Generated by org.testng.reporters.JUnitReportReporter -->
<testsuite hostname="iivaan-pc" name="com.paxovision.selenium.functional.MyFunctionalTest" tests="1" failures="0" timestamp="11 Jan 2015 19:08:28 GMT" time="16.819" errors="0">
  <testcase name="validUserValidPassword" time="16.819" classname="com.paxovision.selenium.functional.MyFunctionalTest"/>
</testsuite> <!-- com.paxovision.selenium.functional.MyFunctionalTest -->
